Determining if the pthread_create exist failed with the following output:
Change Dir: /media/wh/work/career/bolg_cpp/PROJECT/Glove_Server/src/server/cmake-build-debug/CMakeFiles/CMakeTmp

Run Build Command:"/usr/bin/make" "cmTC_fd6f2/fast"
/usr/bin/make -f CMakeFiles/cmTC_fd6f2.dir/build.make CMakeFiles/cmTC_fd6f2.dir/build
make[1]: Entering directory '/media/wh/work/career/bolg_cpp/PROJECT/Glove_Server/src/server/cmake-build-debug/CMakeFiles/CMakeTmp'
Building C object CMakeFiles/cmTC_fd6f2.dir/CheckSymbolExists.c.o
/usr/bin/cc    -o CMakeFiles/cmTC_fd6f2.dir/CheckSymbolExists.c.o   -c /media/wh/work/career/bolg_cpp/PROJECT/Glove_Server/src/server/cmake-build-debug/CMakeFiles/CMakeTmp/CheckSymbolExists.c
Linking C executable cmTC_fd6f2
/home/wh/Documents/software/clion/bin/cmake/linux/bin/cmake -E cmake_link_script CMakeFiles/cmTC_fd6f2.dir/link.txt --verbose=1
/usr/bin/cc      -rdynamic CMakeFiles/cmTC_fd6f2.dir/CheckSymbolExists.c.o  -o cmTC_fd6f2 
CMakeFiles/cmTC_fd6f2.dir/CheckSymbolExists.c.o: In function `main':
CheckSymbolExists.c:(.text+0x16): undefined reference to `pthread_create'
collect2: error: ld returned 1 exit status
CMakeFiles/cmTC_fd6f2.dir/build.make:86: recipe for target 'cmTC_fd6f2' failed
make[1]: *** [cmTC_fd6f2] Error 1
make[1]: Leaving directory '/media/wh/work/career/bolg_cpp/PROJECT/Glove_Server/src/server/cmake-build-debug/CMakeFiles/CMakeTmp'
Makefile:121: recipe for target 'cmTC_fd6f2/fast' failed
make: *** [cmTC_fd6f2/fast] Error 2

File /media/wh/work/career/bolg_cpp/PROJECT/Glove_Server/src/server/cmake-build-debug/CMakeFiles/CMakeTmp/CheckSymbolExists.c:
/* */
#include <pthread.h>

int main(int argc, char** argv)
{
  (void)argv;
#ifndef pthread_create
  return ((int*)(&pthread_create))[argc];
#else
  (void)argc;
  return 0;
#endif
}

Determining if the function pthread_create exists in the pthreads failed with the following output:
Change Dir: /media/wh/work/career/bolg_cpp/PROJECT/Glove_Server/src/server/cmake-build-debug/CMakeFiles/CMakeTmp

Run Build Command:"/usr/bin/make" "cmTC_3fbfa/fast"
/usr/bin/make -f CMakeFiles/cmTC_3fbfa.dir/build.make CMakeFiles/cmTC_3fbfa.dir/build
make[1]: Entering directory '/media/wh/work/career/bolg_cpp/PROJECT/Glove_Server/src/server/cmake-build-debug/CMakeFiles/CMakeTmp'
Building C object CMakeFiles/cmTC_3fbfa.dir/CheckFunctionExists.c.o
/usr/bin/cc   -DCHECK_FUNCTION_EXISTS=pthread_create   -o CMakeFiles/cmTC_3fbfa.dir/CheckFunctionExists.c.o   -c /home/wh/Documents/software/clion/bin/cmake/linux/share/cmake-3.13/Modules/CheckFunctionExists.c
Linking C executable cmTC_3fbfa
/home/wh/Documents/software/clion/bin/cmake/linux/bin/cmake -E cmake_link_script CMakeFiles/cmTC_3fbfa.dir/link.txt --verbose=1
/usr/bin/cc  -DCHECK_FUNCTION_EXISTS=pthread_create    -rdynamic CMakeFiles/cmTC_3fbfa.dir/CheckFunctionExists.c.o  -o cmTC_3fbfa -lpthreads 
/usr/bin/ld: cannot find -lpthreads
collect2: error: ld returned 1 exit status
CMakeFiles/cmTC_3fbfa.dir/build.make:86: recipe for target 'cmTC_3fbfa' failed
make[1]: *** [cmTC_3fbfa] Error 1
make[1]: Leaving directory '/media/wh/work/career/bolg_cpp/PROJECT/Glove_Server/src/server/cmake-build-debug/CMakeFiles/CMakeTmp'
Makefile:121: recipe for target 'cmTC_3fbfa/fast' failed
make: *** [cmTC_3fbfa/fast] Error 2


